<?xml version="1.0" encoding="UTF-8"?>
<testsuite xmlns:xsi="http://www.w3.org/2001/XMLSchema-instance" xsi:noNamespaceSchemaLocation="https://maven.apache.org/surefire/maven-surefire-plugin/xsd/surefire-test-report.xsd" name="cn.qqcn.test.CryptTest" time="1.202" tests="1" errors="0" skipped="0" failures="0">
  <properties>
    <property name="sun.desktop" value="windows"/>
    <property name="awt.toolkit" value="sun.awt.windows.WToolkit"/>
    <property name="file.encoding.pkg" value="sun.io"/>
    <property name="java.specification.version" value="1.8"/>
    <property name="sun.cpu.isalist" value="amd64"/>
    <property name="sun.jnu.encoding" value="GBK"/>
    <property name="java.class.path" value="D:\JavaWork\x-admin\target\test-classes;D:\JavaWork\x-admin\target\classes;D:\Java\myRepository\org\springframework\boot\spring-boot-starter-web\2.4.1\spring-boot-starter-web-2.4.1.jar;D:\Java\myRepository\org\springframework\boot\spring-boot-starter\2.4.1\spring-boot-starter-2.4.1.jar;D:\Java\myRepository\org\springframework\boot\spring-boot-starter-logging\2.4.1\spring-boot-starter-logging-2.4.1.jar;D:\Java\myRepository\ch\qos\logback\logback-classic\1.2.3\logback-classic-1.2.3.jar;D:\Java\myRepository\ch\qos\logback\logback-core\1.2.3\logback-core-1.2.3.jar;D:\Java\myRepository\org\apache\logging\log4j\log4j-to-slf4j\2.13.3\log4j-to-slf4j-2.13.3.jar;D:\Java\myRepository\org\apache\logging\log4j\log4j-api\2.13.3\log4j-api-2.13.3.jar;D:\Java\myRepository\org\slf4j\jul-to-slf4j\1.7.30\jul-to-slf4j-1.7.30.jar;D:\Java\myRepository\jakarta\annotation\jakarta.annotation-api\1.3.5\jakarta.annotation-api-1.3.5.jar;D:\Java\myRepository\org\yaml\snakeyaml\1.27\snakeyaml-1.27.jar;D:\Java\myRepository\org\springframework\boot\spring-boot-starter-json\2.4.1\spring-boot-starter-json-2.4.1.jar;D:\Java\myRepository\com\fasterxml\jackson\core\jackson-databind\2.11.3\jackson-databind-2.11.3.jar;D:\Java\myRepository\com\fasterxml\jackson\core\jackson-annotations\2.11.3\jackson-annotations-2.11.3.jar;D:\Java\myRepository\com\fasterxml\jackson\core\jackson-core\2.11.3\jackson-core-2.11.3.jar;D:\Java\myRepository\com\fasterxml\jackson\datatype\jackson-datatype-jdk8\2.11.3\jackson-datatype-jdk8-2.11.3.jar;D:\Java\myRepository\com\fasterxml\jackson\datatype\jackson-datatype-jsr310\2.11.3\jackson-datatype-jsr310-2.11.3.jar;D:\Java\myRepository\com\fasterxml\jackson\module\jackson-module-parameter-names\2.11.3\jackson-module-parameter-names-2.11.3.jar;D:\Java\myRepository\org\springframework\boot\spring-boot-starter-tomcat\2.4.1\spring-boot-starter-tomcat-2.4.1.jar;D:\Java\myRepository\org\apache\tomcat\embed\tomcat-embed-core\9.0.41\tomcat-embed-core-9.0.41.jar;D:\Java\myRepository\org\glassfish\jakarta.el\3.0.3\jakarta.el-3.0.3.jar;D:\Java\myRepository\org\apache\tomcat\embed\tomcat-embed-websocket\9.0.41\tomcat-embed-websocket-9.0.41.jar;D:\Java\myRepository\org\springframework\spring-web\5.3.2\spring-web-5.3.2.jar;D:\Java\myRepository\org\springframework\spring-webmvc\5.3.2\spring-webmvc-5.3.2.jar;D:\Java\myRepository\mysql\mysql-connector-java\8.0.22\mysql-connector-java-8.0.22.jar;D:\Java\myRepository\com\baomidou\mybatis-plus-boot-starter\3.5.1\mybatis-plus-boot-starter-3.5.1.jar;D:\Java\myRepository\com\baomidou\mybatis-plus\3.5.1\mybatis-plus-3.5.1.jar;D:\Java\myRepository\com\baomidou\mybatis-plus-extension\3.5.1\mybatis-plus-extension-3.5.1.jar;D:\Java\myRepository\com\baomidou\mybatis-plus-core\3.5.1\mybatis-plus-core-3.5.1.jar;D:\Java\myRepository\com\baomidou\mybatis-plus-annotation\3.5.1\mybatis-plus-annotation-3.5.1.jar;D:\Java\myRepository\com\github\jsqlparser\jsqlparser\4.3\jsqlparser-4.3.jar;D:\Java\myRepository\org\mybatis\mybatis\3.5.9\mybatis-3.5.9.jar;D:\Java\myRepository\org\mybatis\mybatis-spring\2.0.6\mybatis-spring-2.0.6.jar;D:\Java\myRepository\org\springframework\boot\spring-boot-autoconfigure\2.4.1\spring-boot-autoconfigure-2.4.1.jar;D:\Java\myRepository\org\springframework\boot\spring-boot-starter-jdbc\2.4.1\spring-boot-starter-jdbc-2.4.1.jar;D:\Java\myRepository\com\zaxxer\HikariCP\3.4.5\HikariCP-3.4.5.jar;D:\Java\myRepository\org\springframework\spring-jdbc\5.3.2\spring-jdbc-5.3.2.jar;D:\Java\myRepository\org\springframework\spring-tx\5.3.2\spring-tx-5.3.2.jar;D:\Java\myRepository\org\springframework\boot\spring-boot-starter-thymeleaf\2.4.1\spring-boot-starter-thymeleaf-2.4.1.jar;D:\Java\myRepository\org\thymeleaf\thymeleaf-spring5\3.0.11.RELEASE\thymeleaf-spring5-3.0.11.RELEASE.jar;D:\Java\myRepository\org\thymeleaf\thymeleaf\3.0.11.RELEASE\thymeleaf-3.0.11.RELEASE.jar;D:\Java\myRepository\org\attoparser\attoparser\2.0.5.RELEASE\attoparser-2.0.5.RELEASE.jar;D:\Java\myRepository\org\unbescape\unbescape\1.1.6.RELEASE\unbescape-1.1.6.RELEASE.jar;D:\Java\myRepository\org\slf4j\slf4j-api\1.7.30\slf4j-api-1.7.30.jar;D:\Java\myRepository\org\thymeleaf\extras\thymeleaf-extras-java8time\3.0.4.RELEASE\thymeleaf-extras-java8time-3.0.4.RELEASE.jar;D:\Java\myRepository\org\webjars\jquery\3.5.1\jquery-3.5.1.jar;D:\Java\myRepository\com\github\whvcse\easy-captcha\1.6.2\easy-captcha-1.6.2.jar;D:\Java\myRepository\org\projectlombok\lombok\1.18.16\lombok-1.18.16.jar;D:\Java\myRepository\org\springframework\boot\spring-boot-devtools\2.7.3\spring-boot-devtools-2.7.3.jar;D:\Java\myRepository\org\springframework\boot\spring-boot\2.4.1\spring-boot-2.4.1.jar;D:\Java\myRepository\org\springframework\boot\spring-boot-starter-test\2.4.1\spring-boot-starter-test-2.4.1.jar;D:\Java\myRepository\org\springframework\boot\spring-boot-test\2.4.1\spring-boot-test-2.4.1.jar;D:\Java\myRepository\org\springframework\boot\spring-boot-test-autoconfigure\2.4.1\spring-boot-test-autoconfigure-2.4.1.jar;D:\Java\myRepository\com\jayway\jsonpath\json-path\2.4.0\json-path-2.4.0.jar;D:\Java\myRepository\net\minidev\json-smart\2.3\json-smart-2.3.jar;D:\Java\myRepository\net\minidev\accessors-smart\1.2\accessors-smart-1.2.jar;D:\Java\myRepository\org\ow2\asm\asm\5.0.4\asm-5.0.4.jar;D:\Java\myRepository\jakarta\xml\bind\jakarta.xml.bind-api\2.3.3\jakarta.xml.bind-api-2.3.3.jar;D:\Java\myRepository\jakarta\activation\jakarta.activation-api\1.2.2\jakarta.activation-api-1.2.2.jar;D:\Java\myRepository\org\assertj\assertj-core\3.18.1\assertj-core-3.18.1.jar;D:\Java\myRepository\org\hamcrest\hamcrest\2.2\hamcrest-2.2.jar;D:\Java\myRepository\org\junit\jupiter\junit-jupiter\5.7.0\junit-jupiter-5.7.0.jar;D:\Java\myRepository\org\junit\jupiter\junit-jupiter-api\5.7.0\junit-jupiter-api-5.7.0.jar;D:\Java\myRepository\org\apiguardian\apiguardian-api\1.1.0\apiguardian-api-1.1.0.jar;D:\Java\myRepository\org\opentest4j\opentest4j\1.2.0\opentest4j-1.2.0.jar;D:\Java\myRepository\org\junit\platform\junit-platform-commons\1.7.0\junit-platform-commons-1.7.0.jar;D:\Java\myRepository\org\junit\jupiter\junit-jupiter-params\5.7.0\junit-jupiter-params-5.7.0.jar;D:\Java\myRepository\org\junit\jupiter\junit-jupiter-engine\5.7.0\junit-jupiter-engine-5.7.0.jar;D:\Java\myRepository\org\junit\platform\junit-platform-engine\1.7.0\junit-platform-engine-1.7.0.jar;D:\Java\myRepository\org\mockito\mockito-core\3.6.28\mockito-core-3.6.28.jar;D:\Java\myRepository\net\bytebuddy\byte-buddy\1.10.18\byte-buddy-1.10.18.jar;D:\Java\myRepository\net\bytebuddy\byte-buddy-agent\1.10.18\byte-buddy-agent-1.10.18.jar;D:\Java\myRepository\org\objenesis\objenesis\3.1\objenesis-3.1.jar;D:\Java\myRepository\org\mockito\mockito-junit-jupiter\3.6.28\mockito-junit-jupiter-3.6.28.jar;D:\Java\myRepository\org\skyscreamer\jsonassert\1.5.0\jsonassert-1.5.0.jar;D:\Java\myRepository\com\vaadin\external\google\android-json\0.0.20131108.vaadin1\android-json-0.0.20131108.vaadin1.jar;D:\Java\myRepository\org\springframework\spring-core\5.3.2\spring-core-5.3.2.jar;D:\Java\myRepository\org\springframework\spring-jcl\5.3.2\spring-jcl-5.3.2.jar;D:\Java\myRepository\org\springframework\spring-test\5.3.2\spring-test-5.3.2.jar;D:\Java\myRepository\org\xmlunit\xmlunit-core\2.7.0\xmlunit-core-2.7.0.jar;D:\Java\myRepository\org\springframework\security\spring-security-core\5.4.2\spring-security-core-5.4.2.jar;D:\Java\myRepository\org\springframework\spring-aop\5.3.2\spring-aop-5.3.2.jar;D:\Java\myRepository\org\springframework\spring-beans\5.3.2\spring-beans-5.3.2.jar;D:\Java\myRepository\org\springframework\spring-context\5.3.2\spring-context-5.3.2.jar;D:\Java\myRepository\org\springframework\spring-expression\5.3.2\spring-expression-5.3.2.jar;"/>
    <property name="java.vm.vendor" value="Oracle Corporation"/>
    <property name="sun.arch.data.model" value="64"/>
    <property name="user.variant" value=""/>
    <property name="java.vendor.url" value="http://java.oracle.com/"/>
    <property name="user.timezone" value="Asia/Shanghai"/>
    <property name="java.vm.specification.version" value="1.8"/>
    <property name="os.name" value="Windows 10"/>
    <property name="user.country" value="CN"/>
    <property name="sun.java.launcher" value="SUN_STANDARD"/>
    <property name="sun.boot.library.path" value="C:\Program Files\Java\jdk1.8.0_331\jre\bin"/>
    <property name="sun.java.command" value="C:\Users\美工\AppData\Local\Temp\surefire4494321937287329987\surefirebooter7024560775939954376.jar C:\Users\美工\AppData\Local\Temp\surefire4494321937287329987 2022-09-15T19-47-34_588-jvmRun1 surefire1552316865946054277tmp surefire_05719173025509667338tmp"/>
    <property name="surefire.test.class.path" value="D:\JavaWork\x-admin\target\test-classes;D:\JavaWork\x-admin\target\classes;D:\Java\myRepository\org\springframework\boot\spring-boot-starter-web\2.4.1\spring-boot-starter-web-2.4.1.jar;D:\Java\myRepository\org\springframework\boot\spring-boot-starter\2.4.1\spring-boot-starter-2.4.1.jar;D:\Java\myRepository\org\springframework\boot\spring-boot-starter-logging\2.4.1\spring-boot-starter-logging-2.4.1.jar;D:\Java\myRepository\ch\qos\logback\logback-classic\1.2.3\logback-classic-1.2.3.jar;D:\Java\myRepository\ch\qos\logback\logback-core\1.2.3\logback-core-1.2.3.jar;D:\Java\myRepository\org\apache\logging\log4j\log4j-to-slf4j\2.13.3\log4j-to-slf4j-2.13.3.jar;D:\Java\myRepository\org\apache\logging\log4j\log4j-api\2.13.3\log4j-api-2.13.3.jar;D:\Java\myRepository\org\slf4j\jul-to-slf4j\1.7.30\jul-to-slf4j-1.7.30.jar;D:\Java\myRepository\jakarta\annotation\jakarta.annotation-api\1.3.5\jakarta.annotation-api-1.3.5.jar;D:\Java\myRepository\org\yaml\snakeyaml\1.27\snakeyaml-1.27.jar;D:\Java\myRepository\org\springframework\boot\spring-boot-starter-json\2.4.1\spring-boot-starter-json-2.4.1.jar;D:\Java\myRepository\com\fasterxml\jackson\core\jackson-databind\2.11.3\jackson-databind-2.11.3.jar;D:\Java\myRepository\com\fasterxml\jackson\core\jackson-annotations\2.11.3\jackson-annotations-2.11.3.jar;D:\Java\myRepository\com\fasterxml\jackson\core\jackson-core\2.11.3\jackson-core-2.11.3.jar;D:\Java\myRepository\com\fasterxml\jackson\datatype\jackson-datatype-jdk8\2.11.3\jackson-datatype-jdk8-2.11.3.jar;D:\Java\myRepository\com\fasterxml\jackson\datatype\jackson-datatype-jsr310\2.11.3\jackson-datatype-jsr310-2.11.3.jar;D:\Java\myRepository\com\fasterxml\jackson\module\jackson-module-parameter-names\2.11.3\jackson-module-parameter-names-2.11.3.jar;D:\Java\myRepository\org\springframework\boot\spring-boot-starter-tomcat\2.4.1\spring-boot-starter-tomcat-2.4.1.jar;D:\Java\myRepository\org\apache\tomcat\embed\tomcat-embed-core\9.0.41\tomcat-embed-core-9.0.41.jar;D:\Java\myRepository\org\glassfish\jakarta.el\3.0.3\jakarta.el-3.0.3.jar;D:\Java\myRepository\org\apache\tomcat\embed\tomcat-embed-websocket\9.0.41\tomcat-embed-websocket-9.0.41.jar;D:\Java\myRepository\org\springframework\spring-web\5.3.2\spring-web-5.3.2.jar;D:\Java\myRepository\org\springframework\spring-webmvc\5.3.2\spring-webmvc-5.3.2.jar;D:\Java\myRepository\mysql\mysql-connector-java\8.0.22\mysql-connector-java-8.0.22.jar;D:\Java\myRepository\com\baomidou\mybatis-plus-boot-starter\3.5.1\mybatis-plus-boot-starter-3.5.1.jar;D:\Java\myRepository\com\baomidou\mybatis-plus\3.5.1\mybatis-plus-3.5.1.jar;D:\Java\myRepository\com\baomidou\mybatis-plus-extension\3.5.1\mybatis-plus-extension-3.5.1.jar;D:\Java\myRepository\com\baomidou\mybatis-plus-core\3.5.1\mybatis-plus-core-3.5.1.jar;D:\Java\myRepository\com\baomidou\mybatis-plus-annotation\3.5.1\mybatis-plus-annotation-3.5.1.jar;D:\Java\myRepository\com\github\jsqlparser\jsqlparser\4.3\jsqlparser-4.3.jar;D:\Java\myRepository\org\mybatis\mybatis\3.5.9\mybatis-3.5.9.jar;D:\Java\myRepository\org\mybatis\mybatis-spring\2.0.6\mybatis-spring-2.0.6.jar;D:\Java\myRepository\org\springframework\boot\spring-boot-autoconfigure\2.4.1\spring-boot-autoconfigure-2.4.1.jar;D:\Java\myRepository\org\springframework\boot\spring-boot-starter-jdbc\2.4.1\spring-boot-starter-jdbc-2.4.1.jar;D:\Java\myRepository\com\zaxxer\HikariCP\3.4.5\HikariCP-3.4.5.jar;D:\Java\myRepository\org\springframework\spring-jdbc\5.3.2\spring-jdbc-5.3.2.jar;D:\Java\myRepository\org\springframework\spring-tx\5.3.2\spring-tx-5.3.2.jar;D:\Java\myRepository\org\springframework\boot\spring-boot-starter-thymeleaf\2.4.1\spring-boot-starter-thymeleaf-2.4.1.jar;D:\Java\myRepository\org\thymeleaf\thymeleaf-spring5\3.0.11.RELEASE\thymeleaf-spring5-3.0.11.RELEASE.jar;D:\Java\myRepository\org\thymeleaf\thymeleaf\3.0.11.RELEASE\thymeleaf-3.0.11.RELEASE.jar;D:\Java\myRepository\org\attoparser\attoparser\2.0.5.RELEASE\attoparser-2.0.5.RELEASE.jar;D:\Java\myRepository\org\unbescape\unbescape\1.1.6.RELEASE\unbescape-1.1.6.RELEASE.jar;D:\Java\myRepository\org\slf4j\slf4j-api\1.7.30\slf4j-api-1.7.30.jar;D:\Java\myRepository\org\thymeleaf\extras\thymeleaf-extras-java8time\3.0.4.RELEASE\thymeleaf-extras-java8time-3.0.4.RELEASE.jar;D:\Java\myRepository\org\webjars\jquery\3.5.1\jquery-3.5.1.jar;D:\Java\myRepository\com\github\whvcse\easy-captcha\1.6.2\easy-captcha-1.6.2.jar;D:\Java\myRepository\org\projectlombok\lombok\1.18.16\lombok-1.18.16.jar;D:\Java\myRepository\org\springframework\boot\spring-boot-devtools\2.7.3\spring-boot-devtools-2.7.3.jar;D:\Java\myRepository\org\springframework\boot\spring-boot\2.4.1\spring-boot-2.4.1.jar;D:\Java\myRepository\org\springframework\boot\spring-boot-starter-test\2.4.1\spring-boot-starter-test-2.4.1.jar;D:\Java\myRepository\org\springframework\boot\spring-boot-test\2.4.1\spring-boot-test-2.4.1.jar;D:\Java\myRepository\org\springframework\boot\spring-boot-test-autoconfigure\2.4.1\spring-boot-test-autoconfigure-2.4.1.jar;D:\Java\myRepository\com\jayway\jsonpath\json-path\2.4.0\json-path-2.4.0.jar;D:\Java\myRepository\net\minidev\json-smart\2.3\json-smart-2.3.jar;D:\Java\myRepository\net\minidev\accessors-smart\1.2\accessors-smart-1.2.jar;D:\Java\myRepository\org\ow2\asm\asm\5.0.4\asm-5.0.4.jar;D:\Java\myRepository\jakarta\xml\bind\jakarta.xml.bind-api\2.3.3\jakarta.xml.bind-api-2.3.3.jar;D:\Java\myRepository\jakarta\activation\jakarta.activation-api\1.2.2\jakarta.activation-api-1.2.2.jar;D:\Java\myRepository\org\assertj\assertj-core\3.18.1\assertj-core-3.18.1.jar;D:\Java\myRepository\org\hamcrest\hamcrest\2.2\hamcrest-2.2.jar;D:\Java\myRepository\org\junit\jupiter\junit-jupiter\5.7.0\junit-jupiter-5.7.0.jar;D:\Java\myRepository\org\junit\jupiter\junit-jupiter-api\5.7.0\junit-jupiter-api-5.7.0.jar;D:\Java\myRepository\org\apiguardian\apiguardian-api\1.1.0\apiguardian-api-1.1.0.jar;D:\Java\myRepository\org\opentest4j\opentest4j\1.2.0\opentest4j-1.2.0.jar;D:\Java\myRepository\org\junit\platform\junit-platform-commons\1.7.0\junit-platform-commons-1.7.0.jar;D:\Java\myRepository\org\junit\jupiter\junit-jupiter-params\5.7.0\junit-jupiter-params-5.7.0.jar;D:\Java\myRepository\org\junit\jupiter\junit-jupiter-engine\5.7.0\junit-jupiter-engine-5.7.0.jar;D:\Java\myRepository\org\junit\platform\junit-platform-engine\1.7.0\junit-platform-engine-1.7.0.jar;D:\Java\myRepository\org\mockito\mockito-core\3.6.28\mockito-core-3.6.28.jar;D:\Java\myRepository\net\bytebuddy\byte-buddy\1.10.18\byte-buddy-1.10.18.jar;D:\Java\myRepository\net\bytebuddy\byte-buddy-agent\1.10.18\byte-buddy-agent-1.10.18.jar;D:\Java\myRepository\org\objenesis\objenesis\3.1\objenesis-3.1.jar;D:\Java\myRepository\org\mockito\mockito-junit-jupiter\3.6.28\mockito-junit-jupiter-3.6.28.jar;D:\Java\myRepository\org\skyscreamer\jsonassert\1.5.0\jsonassert-1.5.0.jar;D:\Java\myRepository\com\vaadin\external\google\android-json\0.0.20131108.vaadin1\android-json-0.0.20131108.vaadin1.jar;D:\Java\myRepository\org\springframework\spring-core\5.3.2\spring-core-5.3.2.jar;D:\Java\myRepository\org\springframework\spring-jcl\5.3.2\spring-jcl-5.3.2.jar;D:\Java\myRepository\org\springframework\spring-test\5.3.2\spring-test-5.3.2.jar;D:\Java\myRepository\org\xmlunit\xmlunit-core\2.7.0\xmlunit-core-2.7.0.jar;D:\Java\myRepository\org\springframework\security\spring-security-core\5.4.2\spring-security-core-5.4.2.jar;D:\Java\myRepository\org\springframework\spring-aop\5.3.2\spring-aop-5.3.2.jar;D:\Java\myRepository\org\springframework\spring-beans\5.3.2\spring-beans-5.3.2.jar;D:\Java\myRepository\org\springframework\spring-context\5.3.2\spring-context-5.3.2.jar;D:\Java\myRepository\org\springframework\spring-expression\5.3.2\spring-expression-5.3.2.jar;"/>
    <property name="sun.cpu.endian" value="little"/>
    <property name="user.home" value="C:\Users\美工"/>
    <property name="user.language" value="zh"/>
    <property name="java.specification.vendor" value="Oracle Corporation"/>
    <property name="java.home" value="C:\Program Files\Java\jdk1.8.0_331\jre"/>
    <property name="basedir" value="D:\JavaWork\x-admin"/>
    <property name="file.separator" value="\"/>
    <property name="line.separator" value="&#10;"/>
    <property name="java.vm.specification.vendor" value="Oracle Corporation"/>
    <property name="java.specification.name" value="Java Platform API Specification"/>
    <property name="java.awt.graphicsenv" value="sun.awt.Win32GraphicsEnvironment"/>
    <property name="surefire.real.class.path" value="C:\Users\美工\AppData\Local\Temp\surefire4494321937287329987\surefirebooter7024560775939954376.jar"/>
    <property name="sun.boot.class.path" value="C:\Program Files\Java\jdk1.8.0_331\jre\lib\resources.jar;C:\Program Files\Java\jdk1.8.0_331\jre\lib\rt.jar;C:\Program Files\Java\jdk1.8.0_331\jre\lib\sunrsasign.jar;C:\Program Files\Java\jdk1.8.0_331\jre\lib\jsse.jar;C:\Program Files\Java\jdk1.8.0_331\jre\lib\jce.jar;C:\Program Files\Java\jdk1.8.0_331\jre\lib\charsets.jar;C:\Program Files\Java\jdk1.8.0_331\jre\lib\jfr.jar;C:\Program Files\Java\jdk1.8.0_331\jre\classes"/>
    <property name="user.script" value=""/>
    <property name="sun.management.compiler" value="HotSpot 64-Bit Tiered Compilers"/>
    <property name="java.runtime.version" value="1.8.0_331-b09"/>
    <property name="user.name" value="XNM"/>
    <property name="path.separator" value=";"/>
    <property name="os.version" value="10.0"/>
    <property name="java.endorsed.dirs" value="C:\Program Files\Java\jdk1.8.0_331\jre\lib\endorsed"/>
    <property name="java.runtime.name" value="Java(TM) SE Runtime Environment"/>
    <property name="file.encoding" value="GBK"/>
    <property name="java.vm.name" value="Java HotSpot(TM) 64-Bit Server VM"/>
    <property name="idea.version2020.1" value="true"/>
    <property name="localRepository" value="D:\Java\myRepository"/>
    <property name="java.vendor.url.bug" value="http://bugreport.sun.com/bugreport/"/>
    <property name="java.io.tmpdir" value="C:\Users\美工\AppData\Local\Temp\"/>
    <property name="java.version" value="1.8.0_331"/>
    <property name="user.dir" value="D:\JavaWork\x-admin"/>
    <property name="os.arch" value="amd64"/>
    <property name="java.vm.specification.name" value="Java Virtual Machine Specification"/>
    <property name="java.awt.printerjob" value="sun.awt.windows.WPrinterJob"/>
    <property name="sun.os.patch.level" value=""/>
    <property name="java.library.path" value="C:\Program Files\Java\jdk1.8.0_331\jre\bin;C:\WINDOWS\Sun\Java\bin;C:\WINDOWS\system32;C:\WINDOWS;C:\Program Files (x86)\Common Files\Oracle\Java\javapath;C:\Program Files\Java\jdk1.8.0_331\bin;c:\windows\system32;D:\Java\apache-maven-3.8.5\bin;D:\Java\apache-tomcat-9.0.65\bin;D:\Java\apache-tomcat-9.0.65\lib;C:\Program Files\MySQL\MySQL Shell 8.0\bin\;C:\Users\美工\AppData\Local\Microsoft\WindowsApps;C:\Program Files (x86)\Microsoft VS Code\bin;&quot;C:\Users\美工\AppData\Roaming\npm;E:\mysql\mysql-8.0.22-winx64\bin&quot;;%NODE_PATH%;C:\Program Files\heroku\bin;C:\Users\美工\AppData\Roaming\npm;C:\Program Files\Bandizip\;;."/>
    <property name="java.vm.info" value="mixed mode"/>
    <property name="java.vendor" value="Oracle Corporation"/>
    <property name="java.vm.version" value="25.331-b09"/>
    <property name="java.ext.dirs" value="C:\Program Files\Java\jdk1.8.0_331\jre\lib\ext;C:\WINDOWS\Sun\Java\lib\ext"/>
    <property name="sun.io.unicode.encoding" value="UnicodeLittle"/>
    <property name="maven.repo.local" value="D:\Java\myRepository"/>
    <property name="java.class.version" value="52.0"/>
  </properties>
  <testcase name="test" classname="cn.qqcn.test.CryptTest" time="1.198"/>
</testsuite>